<?xml version="1.0" encoding="UTF-8"?>
<!-- Generated by org.testng.reporters.JUnitXMLReporter -->
<testsuite ignored="0" hostname="DESKTOP-I3R9PLS" failures="1" tests="6" name="Test" time="24.315" errors="0" timestamp="2023-02-27T13:39:00 IST">
  <testcase classname="testngDemo.Secondtestng" name="homePage" time="0.005"/>
  <testcase classname="testngDemo.Secondtestng" name="profileview" time="0.001"/>
  <testcase classname="testngDemo.FirstSetup" name="launchpage1" time="7.712"/>
  <testcase classname="testngDemo.FirstSetup" name="launchpage2" time="16.538"/>
  <testcase classname="testngDemo.Thirdtestng" name="homePage" time="0.002"/>
  <testcase classname="testngDemo.Thirdtestng" name="signup" time="0.0">
    <failure type="org.testng.TestNGException" message="
Parameter &amp;apos;Firstname&amp;apos; is required by @Test on method signup but has not been marked @Optional or defined
in D:\rajesh-workspace\TestNGDemo\testng xml\firstclass.xml">
      <![CDATA[org.testng.TestNGException: 
Parameter 'Firstname' is required by @Test on method signup but has not been marked @Optional or defined
in D:\rajesh-workspace\TestNGDemo\testng xml\firstclass.xml
at java.base/java.util.ArrayList.forEach(ArrayList.java:1511)
... Removed 27 stack frames]]>
    </failure>
  </testcase> <!-- signup -->
</testsuite> <!-- Test -->
